<?xml version="1.0" encoding="UTF-8"?><testsuite errors="0" failures="1" name="Academy Choucair" skipped="0" tests="1" time="38.45" timestamp="2020-11-28 01:10:10"><testcase name="Search for a automation course"><failure message="Expected enabled element was not enabled" type="net.thucydides.core.webdriver.exceptions.ElementShouldBeEnabledException">Expected enabled element was not enabled</failure><system-err>Expected enabled element was not enabled&#13;
co.com.choucair.certification.proyectobase.tasks.Search.performAs(Search.java:26)&#13;
co.com.certification.proyectobase.stepdefinitions.ChoucairAcademyStepDefinitions.the_search_for_the_course_Recursos_Automatizacion_Bancolombia_on_the_choucair_academy_platform(ChoucairAcademyStepDefinitions.java:37)&#13;
cucumber.runner.Runner.runPickle(Runner.java:80)&#13;
</system-err></testcase></testsuite>